<?xml version="1.0" encoding="UTF-8"?>
<!-- Generated by org.testng.reporters.JUnitReportReporter -->
<testsuite hostname="DESKTOP-A3I7V83" failures="0" tests="1" name="reusable.ExcelReader" time="2.791" errors="0" timestamp="2023-08-05T20:51:57 IST" skipped="0">
  <testcase classname="reusable.ExcelReader" name="read" time="2.791"/>
  <system-out/>
</testsuite> <!-- reusable.ExcelReader -->
