<?xml version="1.0" encoding="UTF-8"?>
<!-- Generated by org.testng.reporters.JUnitReportReporter -->
<testsuite hostname="DESKTOP-A3I7V83" failures="0" tests="1" name="reusable.base" time="0.047" errors="0" timestamp="2023-08-04T20:36:27 IST" skipped="0">
  <testcase classname="reusable.base" name="invoceDriver" time="0.047"/>
  <system-out/>
</testsuite> <!-- reusable.base -->
