<?xml version="1.0" encoding="UTF-8"?>
<!-- Generated by org.testng.reporters.JUnitReportReporter -->
<testsuite hostname="DESKTOP-A3I7V83" failures="0" tests="3" name="runner.TestRunner" time="83.321" errors="0" timestamp="2023-08-04T20:08:25 IST" skipped="0">
  <testcase classname="runner.TestRunner" name="runScenario" time="9.183"/>
  <system-out/>
  <testcase classname="runner.TestRunner" name="runScenario" time="65.426"/>
  <system-out/>
  <testcase classname="runner.TestRunner" name="runScenario" time="8.712"/>
  <system-out/>
</testsuite> <!-- runner.TestRunner -->
